<?xml version="1.0" encoding="UTF-8"?>
<testng-results ignored="0" total="5" passed="5" failed="0" skipped="0">
  <reporter-output>
  </reporter-output>
  <suite started-at="2022-04-06T16:25:58 IST" name="Default suite" finished-at="2022-04-06T16:29:17 IST" duration-ms="199211">
    <groups>
      <group name="cucumber">
        <method signature="AbstractTestNGCucumberTests.runScenario(io.cucumber.testng.PickleWrapper,io.cucumber.testng.FeatureWrapper)[pri:0, instance:com.follo.enginerunner.EngineRunner@49049a04]" name="runScenario" class="io.cucumber.testng.AbstractTestNGCucumberTests"/>
      </group> <!-- cucumber -->
    </groups>
    <test started-at="2022-04-06T16:25:58 IST" name="Default test" finished-at="2022-04-06T16:29:17 IST" duration-ms="199211">
      <class name="com.follo.enginerunner.EngineRunner">
        <test-method is-config="true" signature="setUpClass()[pri:0, instance:com.follo.enginerunner.EngineRunner@49049a04]" started-at="2022-04-06T16:25:58 IST" name="setUpClass" finished-at="2022-04-06T16:25:59 IST" duration-ms="903" status="PASS">
          <reporter-output>
          </reporter-output>
        </test-method> <!-- setUpClass -->
        <test-method signature="runScenario(io.cucumber.testng.PickleWrapper,io.cucumber.testng.FeatureWrapper)[pri:0, instance:com.follo.enginerunner.EngineRunner@49049a04]" started-at="2022-04-06T16:25:59 IST" name="runScenario" description="Runs Cucumber Scenarios" data-provider="scenarios" finished-at="2022-04-06T16:26:33 IST" duration-ms="34005" status="PASS">
          <params>
            <param index="0">
              <value>
                <![CDATA["Launch the app URL and navigate to login page"]]>
              </value>
            </param>
            <param index="1">
              <value>
                <![CDATA["Optional[To verify the Login feature]"]]>
              </value>
            </param>
          </params>
          <reporter-output>
          </reporter-output>
        </test-method> <!-- runScenario -->
        <test-method signature="runScenario(io.cucumber.testng.PickleWrapper,io.cucumber.testng.FeatureWrapper)[pri:0, instance:com.follo.enginerunner.EngineRunner@49049a04]" started-at="2022-04-06T16:26:33 IST" name="runScenario" description="Runs Cucumber Scenarios" data-provider="scenarios" finished-at="2022-04-06T16:27:28 IST" duration-ms="55457" status="PASS">
          <params>
            <param index="0">
              <value>
                <![CDATA["Entering the login credentials"]]>
              </value>
            </param>
            <param index="1">
              <value>
                <![CDATA["Optional[To verify the Login feature]"]]>
              </value>
            </param>
          </params>
          <reporter-output>
          </reporter-output>
        </test-method> <!-- runScenario -->
        <test-method signature="runScenario(io.cucumber.testng.PickleWrapper,io.cucumber.testng.FeatureWrapper)[pri:0, instance:com.follo.enginerunner.EngineRunner@49049a04]" started-at="2022-04-06T16:27:28 IST" name="runScenario" description="Runs Cucumber Scenarios" data-provider="scenarios" finished-at="2022-04-06T16:27:49 IST" duration-ms="20705" status="PASS">
          <params>
            <param index="0">
              <value>
                <![CDATA["To navigate to DFOW feature"]]>
              </value>
            </param>
            <param index="1">
              <value>
                <![CDATA["Optional[To verify the DFOW feature]"]]>
              </value>
            </param>
          </params>
          <reporter-output>
          </reporter-output>
        </test-method> <!-- runScenario -->
        <test-method signature="runScenario(io.cucumber.testng.PickleWrapper,io.cucumber.testng.FeatureWrapper)[pri:0, instance:com.follo.enginerunner.EngineRunner@49049a04]" started-at="2022-04-06T16:27:49 IST" name="runScenario" description="Runs Cucumber Scenarios" data-provider="scenarios" finished-at="2022-04-06T16:27:52 IST" duration-ms="2843" status="PASS">
          <params>
            <param index="0">
              <value>
                <![CDATA["To click equipment button from the menu"]]>
              </value>
            </param>
            <param index="1">
              <value>
                <![CDATA["Optional[To verify the Equipment feature]"]]>
              </value>
            </param>
          </params>
          <reporter-output>
          </reporter-output>
        </test-method> <!-- runScenario -->
        <test-method signature="runScenario(io.cucumber.testng.PickleWrapper,io.cucumber.testng.FeatureWrapper)[pri:0, instance:com.follo.enginerunner.EngineRunner@49049a04]" started-at="2022-04-06T16:27:52 IST" name="runScenario" description="Runs Cucumber Scenarios" data-provider="scenarios" finished-at="2022-04-06T16:29:05 IST" duration-ms="73343" status="PASS">
          <params>
            <param index="0">
              <value>
                <![CDATA["Filter equipment based on equipment name"]]>
              </value>
            </param>
            <param index="1">
              <value>
                <![CDATA["Optional[To verify the Equipment feature]"]]>
              </value>
            </param>
          </params>
          <reporter-output>
          </reporter-output>
        </test-method> <!-- runScenario -->
        <test-method is-config="true" signature="tearDownClass()[pri:0, instance:com.follo.enginerunner.EngineRunner@49049a04]" started-at="2022-04-06T16:29:05 IST" name="tearDownClass" finished-at="2022-04-06T16:29:17 IST" duration-ms="11897" status="PASS">
          <reporter-output>
          </reporter-output>
        </test-method> <!-- tearDownClass -->
      </class> <!-- com.follo.enginerunner.EngineRunner -->
    </test> <!-- Default test -->
  </suite> <!-- Default suite -->
</testng-results>
