<?xml version="1.0" encoding="UTF-8"?>
<testng-results ignored="0" total="4" passed="4" failed="0" skipped="0">
  <reporter-output>
  </reporter-output>
  <suite started-at="2022-03-22T20:38:34 IST" name="Default suite" finished-at="2022-03-22T20:40:39 IST" duration-ms="125347">
    <groups>
      <group name="cucumber">
        <method signature="AbstractTestNGCucumberTests.runScenario(io.cucumber.testng.PickleWrapper,io.cucumber.testng.FeatureWrapper)[pri:0, instance:com.follo.enginerunner.EngineRunner@49049a04]" name="runScenario" class="io.cucumber.testng.AbstractTestNGCucumberTests"/>
      </group> <!-- cucumber -->
    </groups>
    <test started-at="2022-03-22T20:38:34 IST" name="Default test" finished-at="2022-03-22T20:40:39 IST" duration-ms="125347">
      <class name="com.follo.enginerunner.EngineRunner">
        <test-method is-config="true" signature="setUpClass()[pri:0, instance:com.follo.enginerunner.EngineRunner@49049a04]" started-at="2022-03-22T20:38:34 IST" name="setUpClass" finished-at="2022-03-22T20:38:35 IST" duration-ms="1118" status="PASS">
          <reporter-output>
          </reporter-output>
        </test-method> <!-- setUpClass -->
        <test-method signature="runScenario(io.cucumber.testng.PickleWrapper,io.cucumber.testng.FeatureWrapper)[pri:0, instance:com.follo.enginerunner.EngineRunner@49049a04]" started-at="2022-03-22T20:38:35 IST" name="runScenario" description="Runs Cucumber Scenarios" data-provider="scenarios" finished-at="2022-03-22T20:38:59 IST" duration-ms="24194" status="PASS">
          <params>
            <param index="0">
              <value>
                <![CDATA["Launch the app URL and navigate to login page"]]>
              </value>
            </param>
            <param index="1">
              <value>
                <![CDATA["Optional[To verify the Login feature]"]]>
              </value>
            </param>
          </params>
          <reporter-output>
          </reporter-output>
        </test-method> <!-- runScenario -->
        <test-method signature="runScenario(io.cucumber.testng.PickleWrapper,io.cucumber.testng.FeatureWrapper)[pri:0, instance:com.follo.enginerunner.EngineRunner@49049a04]" started-at="2022-03-22T20:38:59 IST" name="runScenario" description="Runs Cucumber Scenarios" data-provider="scenarios" finished-at="2022-03-22T20:39:26 IST" duration-ms="27103" status="PASS">
          <params>
            <param index="0">
              <value>
                <![CDATA["Entering the login credentials"]]>
              </value>
            </param>
            <param index="1">
              <value>
                <![CDATA["Optional[To verify the Login feature]"]]>
              </value>
            </param>
          </params>
          <reporter-output>
          </reporter-output>
        </test-method> <!-- runScenario -->
        <test-method signature="runScenario(io.cucumber.testng.PickleWrapper,io.cucumber.testng.FeatureWrapper)[pri:0, instance:com.follo.enginerunner.EngineRunner@49049a04]" started-at="2022-03-22T20:39:26 IST" name="runScenario" description="Runs Cucumber Scenarios" data-provider="scenarios" finished-at="2022-03-22T20:39:46 IST" duration-ms="20199" status="PASS">
          <params>
            <param index="0">
              <value>
                <![CDATA["To navigate to DFOW feature"]]>
              </value>
            </param>
            <param index="1">
              <value>
                <![CDATA["Optional[To verify the DFOW feature]"]]>
              </value>
            </param>
          </params>
          <reporter-output>
          </reporter-output>
        </test-method> <!-- runScenario -->
        <test-method signature="runScenario(io.cucumber.testng.PickleWrapper,io.cucumber.testng.FeatureWrapper)[pri:0, instance:com.follo.enginerunner.EngineRunner@49049a04]" started-at="2022-03-22T20:39:46 IST" name="runScenario" description="Runs Cucumber Scenarios" data-provider="scenarios" finished-at="2022-03-22T20:40:31 IST" duration-ms="44779" status="PASS">
          <params>
            <param index="0">
              <value>
                <![CDATA["To navigate to Company feature"]]>
              </value>
            </param>
            <param index="1">
              <value>
                <![CDATA["Optional[To verify the Company feature]"]]>
              </value>
            </param>
          </params>
          <reporter-output>
          </reporter-output>
        </test-method> <!-- runScenario -->
        <test-method is-config="true" signature="tearDownClass()[pri:0, instance:com.follo.enginerunner.EngineRunner@49049a04]" started-at="2022-03-22T20:40:31 IST" name="tearDownClass" finished-at="2022-03-22T20:40:39 IST" duration-ms="7888" status="PASS">
          <reporter-output>
          </reporter-output>
        </test-method> <!-- tearDownClass -->
      </class> <!-- com.follo.enginerunner.EngineRunner -->
    </test> <!-- Default test -->
  </suite> <!-- Default suite -->
</testng-results>
